<?xml version="1.0" encoding="UTF-8"?>
<!-- Generated by org.testng.reporters.JUnitXMLReporter -->
<testsuite hostname="Lenovo-P" name="Default test" tests="3" failures="0" timestamp="8 Mar 2016 18:49:57 GMT" time="39.269" errors="0">
  <testcase name="CreateStateTest" time="7.488" classname="testCases.StateTest"/>
  <testcase name="AddAreaTest" time="6.778" classname="testCases.StateTest"/>
  <testcase name="DeleteStateTest" time="4.659" classname="testCases.StateTest"/>
</testsuite> <!-- Default test -->
